mode: atomic
github.com/MamangRust/monolith-graphql-pointofsale-test/base.go:33.38,42.102 6 0
github.com/MamangRust/monolith-graphql-pointofsale-test/base.go:42.102,45.3 2 0
github.com/MamangRust/monolith-graphql-pointofsale-test/base.go:47.2,50.45 4 0
github.com/MamangRust/monolith-graphql-pointofsale-test/base.go:53.41,54.31 1 0
github.com/MamangRust/monolith-graphql-pointofsale-test/base.go:54.31,56.3 1 0
github.com/MamangRust/monolith-graphql-pointofsale-test/base.go:57.2,57.35 1 0
github.com/MamangRust/monolith-graphql-pointofsale-test/base.go:57.35,59.3 1 0
github.com/MamangRust/monolith-graphql-pointofsale-test/base.go:60.2,60.17 1 0
github.com/MamangRust/monolith-graphql-pointofsale-test/base.go:60.17,62.3 1 0
github.com/MamangRust/monolith-graphql-pointofsale-test/base.go:63.2,63.21 1 0
github.com/MamangRust/monolith-graphql-pointofsale-test/base.go:63.21,65.3 1 0
github.com/MamangRust/monolith-graphql-pointofsale-test/base.go:68.48,70.2 1 0
github.com/MamangRust/monolith-graphql-pointofsale-test/base.go:72.55,74.2 1 0
github.com/MamangRust/monolith-graphql-pointofsale-test/base.go:76.68,81.2 4 0
github.com/MamangRust/monolith-graphql-pointofsale-test/base.go:83.69,87.2 3 0
github.com/MamangRust/monolith-graphql-pointofsale-test/base.go:89.59,107.2 5 0
github.com/MamangRust/monolith-graphql-pointofsale-test/base.go:109.63,116.2 3 0
github.com/MamangRust/monolith-graphql-pointofsale-test/base.go:118.75,130.2 3 0
github.com/MamangRust/monolith-graphql-pointofsale-test/base.go:132.94,146.2 3 0
github.com/MamangRust/monolith-graphql-pointofsale-test/base.go:148.97,153.16 3 0
github.com/MamangRust/monolith-graphql-pointofsale-test/base.go:153.16,160.3 2 0
github.com/MamangRust/monolith-graphql-pointofsale-test/base.go:162.2,173.25 3 0
github.com/MamangRust/monolith-graphql-pointofsale-test/base.go:176.92,184.2 4 0
github.com/MamangRust/monolith-graphql-pointofsale-test/clients.go:24.55,29.2 1 0
github.com/MamangRust/monolith-graphql-pointofsale-test/clients.go:37.63,43.2 1 0
github.com/MamangRust/monolith-graphql-pointofsale-test/clients.go:50.63,55.2 1 0
github.com/MamangRust/monolith-graphql-pointofsale-test/clients.go:62.79,67.2 1 0
github.com/MamangRust/monolith-graphql-pointofsale-test/clients.go:75.57,81.2 1 0
github.com/MamangRust/monolith-graphql-pointofsale-test/clients.go:88.61,93.2 1 0
github.com/MamangRust/monolith-graphql-pointofsale-test/clients.go:100.55,105.2 1 0
github.com/MamangRust/monolith-graphql-pointofsale-test/clients.go:113.69,119.2 1 0
github.com/MamangRust/monolith-graphql-pointofsale-test/clients.go:127.61,133.2 1 0
github.com/MamangRust/monolith-graphql-pointofsale-test/mock_upload.go:11.73,13.2 1 0
github.com/MamangRust/monolith-graphql-pointofsale-test/mock_upload.go:15.106,17.2 1 0
github.com/MamangRust/monolith-graphql-pointofsale-test/mock_upload.go:19.68,19.69 0 0
github.com/MamangRust/monolith-graphql-pointofsale-test/mock_upload.go:21.90,23.2 1 0
github.com/MamangRust/monolith-graphql-pointofsale-test/orchestration_helpers.go:87.44,113.2 15 0
github.com/MamangRust/monolith-graphql-pointofsale-test/orchestration_helpers.go:115.44,143.2 16 0
github.com/MamangRust/monolith-graphql-pointofsale-test/orchestration_helpers.go:145.44,172.2 16 0
github.com/MamangRust/monolith-graphql-pointofsale-test/orchestration_helpers.go:174.48,198.2 14 0
github.com/MamangRust/monolith-graphql-pointofsale-test/orchestration_helpers.go:200.47,223.2 13 0
github.com/MamangRust/monolith-graphql-pointofsale-test/orchestration_helpers.go:225.48,226.35 1 0
github.com/MamangRust/monolith-graphql-pointofsale-test/orchestration_helpers.go:226.35,228.3 1 0
github.com/MamangRust/monolith-graphql-pointofsale-test/orchestration_helpers.go:230.2,253.39 14 0
github.com/MamangRust/monolith-graphql-pointofsale-test/orchestration_helpers.go:256.45,257.38 1 0
github.com/MamangRust/monolith-graphql-pointofsale-test/orchestration_helpers.go:257.38,259.3 1 0
github.com/MamangRust/monolith-graphql-pointofsale-test/orchestration_helpers.go:260.2,260.39 1 0
github.com/MamangRust/monolith-graphql-pointofsale-test/orchestration_helpers.go:260.39,262.3 1 0
github.com/MamangRust/monolith-graphql-pointofsale-test/orchestration_helpers.go:263.2,263.38 1 0
github.com/MamangRust/monolith-graphql-pointofsale-test/orchestration_helpers.go:263.38,265.3 1 0
github.com/MamangRust/monolith-graphql-pointofsale-test/orchestration_helpers.go:266.2,266.41 1 0
github.com/MamangRust/monolith-graphql-pointofsale-test/orchestration_helpers.go:266.41,268.3 1 0
github.com/MamangRust/monolith-graphql-pointofsale-test/orchestration_helpers.go:270.2,297.39 18 0
github.com/MamangRust/monolith-graphql-pointofsale-test/orchestration_helpers.go:300.51,301.38 1 0
github.com/MamangRust/monolith-graphql-pointofsale-test/orchestration_helpers.go:301.38,303.3 1 0
github.com/MamangRust/monolith-graphql-pointofsale-test/orchestration_helpers.go:304.2,304.39 1 0
github.com/MamangRust/monolith-graphql-pointofsale-test/orchestration_helpers.go:304.39,306.3 1 0
github.com/MamangRust/monolith-graphql-pointofsale-test/orchestration_helpers.go:307.2,307.36 1 0
github.com/MamangRust/monolith-graphql-pointofsale-test/orchestration_helpers.go:307.36,309.3 1 0
github.com/MamangRust/monolith-graphql-pointofsale-test/orchestration_helpers.go:310.2,310.41 1 0
github.com/MamangRust/monolith-graphql-pointofsale-test/orchestration_helpers.go:310.41,312.3 1 0
github.com/MamangRust/monolith-graphql-pointofsale-test/orchestration_helpers.go:314.2,341.39 18 0
github.com/MamangRust/monolith-graphql-pointofsale-test/orchestration_helpers.go:344.49,366.2 12 0
github.com/MamangRust/monolith-graphql-pointofsale-test/orchestration_helpers.go:368.47,369.35 1 0
github.com/MamangRust/monolith-graphql-pointofsale-test/orchestration_helpers.go:369.35,371.3 1 0
github.com/MamangRust/monolith-graphql-pointofsale-test/orchestration_helpers.go:372.2,372.39 1 0
github.com/MamangRust/monolith-graphql-pointofsale-test/orchestration_helpers.go:372.39,374.3 1 0
github.com/MamangRust/monolith-graphql-pointofsale-test/orchestration_helpers.go:376.2,401.39 16 0
github.com/MamangRust/monolith-graphql-pointofsale-test/orchestration_helpers.go:404.60,408.2 3 0
github.com/MamangRust/monolith-graphql-pointofsale-test/orchestration_helpers.go:410.59,413.2 2 0
github.com/MamangRust/monolith-graphql-pointofsale-test/orchestration_helpers.go:415.122,418.29 3 0
github.com/MamangRust/monolith-graphql-pointofsale-test/orchestration_helpers.go:418.29,421.3 2 0
github.com/MamangRust/monolith-graphql-pointofsale-test/orchestration_helpers.go:422.2,425.43 4 0
github.com/MamangRust/monolith-graphql-pointofsale-test/test_setup.go:32.43,46.16 3 0
github.com/MamangRust/monolith-graphql-pointofsale-test/test_setup.go:46.16,48.3 1 0
github.com/MamangRust/monolith-graphql-pointofsale-test/test_setup.go:50.2,51.16 2 0
github.com/MamangRust/monolith-graphql-pointofsale-test/test_setup.go:51.16,53.3 1 0
github.com/MamangRust/monolith-graphql-pointofsale-test/test_setup.go:56.2,57.16 2 0
github.com/MamangRust/monolith-graphql-pointofsale-test/test_setup.go:57.16,59.3 1 0
github.com/MamangRust/monolith-graphql-pointofsale-test/test_setup.go:61.2,62.16 2 0
github.com/MamangRust/monolith-graphql-pointofsale-test/test_setup.go:62.16,64.3 1 0
github.com/MamangRust/monolith-graphql-pointofsale-test/test_setup.go:66.2,76.16 3 0
github.com/MamangRust/monolith-graphql-pointofsale-test/test_setup.go:76.16,78.3 1 0
github.com/MamangRust/monolith-graphql-pointofsale-test/test_setup.go:80.2,81.6 2 0
github.com/MamangRust/monolith-graphql-pointofsale-test/test_setup.go:81.6,82.69 1 0
github.com/MamangRust/monolith-graphql-pointofsale-test/test_setup.go:82.69,83.9 1 0
github.com/MamangRust/monolith-graphql-pointofsale-test/test_setup.go:85.3,86.21 2 0
github.com/MamangRust/monolith-graphql-pointofsale-test/test_setup.go:86.21,88.4 1 0
github.com/MamangRust/monolith-graphql-pointofsale-test/test_setup.go:89.3,89.16 1 0
github.com/MamangRust/monolith-graphql-pointofsale-test/test_setup.go:92.2,93.56 2 0
github.com/MamangRust/monolith-graphql-pointofsale-test/test_setup.go:93.56,96.3 2 0
github.com/MamangRust/monolith-graphql-pointofsale-test/test_setup.go:98.2,98.46 1 0
github.com/MamangRust/monolith-graphql-pointofsale-test/test_setup.go:98.46,101.3 2 0
github.com/MamangRust/monolith-graphql-pointofsale-test/test_setup.go:103.2,103.16 1 0
github.com/MamangRust/monolith-graphql-pointofsale-test/test_setup.go:109.47,119.2 4 0
github.com/MamangRust/monolith-graphql-pointofsale-test/test_setup.go:121.64,123.16 2 0
github.com/MamangRust/monolith-graphql-pointofsale-test/test_setup.go:123.16,125.3 1 0
github.com/MamangRust/monolith-graphql-pointofsale-test/test_setup.go:126.2,128.52 2 0
github.com/MamangRust/monolith-graphql-pointofsale-test/test_setup.go:128.52,130.3 1 0
github.com/MamangRust/monolith-graphql-pointofsale-test/test_setup.go:132.2,132.12 1 0
github.com/MamangRust/monolith-graphql-pointofsale-test/test_setup.go:135.45,138.2 2 0
github.com/MamangRust/monolith-graphql-pointofsale-test/test_setup.go:140.52,143.2 2 0
github.com/MamangRust/monolith-graphql-pointofsale-test/test_setup.go:145.33,146.27 1 0
github.com/MamangRust/monolith-graphql-pointofsale-test/test_setup.go:146.27,147.58 1 0
github.com/MamangRust/monolith-graphql-pointofsale-test/test_setup.go:147.58,149.4 1 0
github.com/MamangRust/monolith-graphql-pointofsale-test/test_setup.go:151.2,151.30 1 0
github.com/MamangRust/monolith-graphql-pointofsale-test/test_setup.go:151.30,152.61 1 0
github.com/MamangRust/monolith-graphql-pointofsale-test/test_setup.go:152.61,154.4 1 0
github.com/MamangRust/monolith-graphql-pointofsale-test/test_setup.go:164.57,166.16 2 0
github.com/MamangRust/monolith-graphql-pointofsale-test/test_setup.go:166.16,168.3 1 0
github.com/MamangRust/monolith-graphql-pointofsale-test/test_setup.go:169.2,169.12 1 0
github.com/MamangRust/monolith-graphql-pointofsale-test/test_setup.go:169.12,170.43 1 0
github.com/MamangRust/monolith-graphql-pointofsale-test/test_setup.go:170.43,172.4 1 0
github.com/MamangRust/monolith-graphql-pointofsale-test/test_setup.go:174.2,174.33 1 0
